<?xml version="1.0" encoding="UTF-8"?>
<testsuite name="one.jpro.jmemorybuddy.TestCleanupDetector" tests="2" skipped="0" failures="0" errors="0" timestamp="2026-06-14T13:47:22" hostname="Florians-MacBook-Pro-ARM.local" time="1.139">
  <properties/>
  <testcase name="isRunnableCalled()" classname="one.jpro.jmemorybuddy.TestCleanupDetector" time="0.017"/>
  <testcase name="isPhantomRefCollectable()" classname="one.jpro.jmemorybuddy.TestCleanupDetector" time="1.121"/>
  <system-out><![CDATA[]]></system-out>
  <system-err><![CDATA[]]></system-err>
</testsuite>
